18-Dec-2024 13:58:49.863 信息 [main] org.apache.catalina.startup.VersionLoggerListener.log Server.服务器版本: Apache Tomcat/10.1.34
18-Dec-2024 13:58:49.868 信息 [main] org.apache.catalina.startup.VersionLoggerListener.log 服务器构建:        Dec 5 2024 16:01:16 UTC
18-Dec-2024 13:58:49.869 信息 [main] org.apache.catalina.startup.VersionLoggerListener.log 服务器版本号:      10.1.34.0
18-Dec-2024 13:58:49.869 信息 [main] org.apache.catalina.startup.VersionLoggerListener.log 操作系统名称:      Windows 11
18-Dec-2024 13:58:49.869 信息 [main] org.apache.catalina.startup.VersionLoggerListener.log OS.版本:           10.0
18-Dec-2024 13:58:49.869 信息 [main] org.apache.catalina.startup.VersionLoggerListener.log 架构:              amd64
18-Dec-2024 13:58:49.870 信息 [main] org.apache.catalina.startup.VersionLoggerListener.log Java 环境变量:     C:\Program Files\Java\jdk-17
18-Dec-2024 13:58:49.870 信息 [main] org.apache.catalina.startup.VersionLoggerListener.log Java虚拟机版本:    17.0.12+8-LTS-286
18-Dec-2024 13:58:49.870 信息 [main] org.apache.catalina.startup.VersionLoggerListener.log JVM.供应商:        Oracle Corporation
18-Dec-2024 13:58:49.870 信息 [main] org.apache.catalina.startup.VersionLoggerListener.log CATALINA_BASE:     D:\Note\Java\JavaWeb\apache-tomcat-10.1.34-windows-x64\apache-tomcat-10.1.34
18-Dec-2024 13:58:49.870 信息 [main] org.apache.catalina.startup.VersionLoggerListener.log CATALINA_HOME:     D:\Note\Java\JavaWeb\apache-tomcat-10.1.34-windows-x64\apache-tomcat-10.1.34
18-Dec-2024 13:58:49.879 信息 [main] org.apache.catalina.startup.VersionLoggerListener.log 命令行参数：       -Djava.util.logging.config.file=D:/Note/Java/JavaWeb/apache-tomcat-10.1.34-windows-x64/apache-tomcat-10.1.34/conf/logging.properties
18-Dec-2024 13:58:49.879 信息 [main] org.apache.catalina.startup.VersionLoggerListener.log 命令行参数：       -Djava.util.logging.manager=org.apache.juli.ClassLoaderLogManager
18-Dec-2024 13:58:49.879 信息 [main] org.apache.catalina.startup.VersionLoggerListener.log 命令行参数：       -Djdk.tls.ephemeralDHKeySize=2048
18-Dec-2024 13:58:49.879 信息 [main] org.apache.catalina.startup.VersionLoggerListener.log 命令行参数：       -Djava.protocol.handler.pkgs=org.apache.catalina.webresources
18-Dec-2024 13:58:49.879 信息 [main] org.apache.catalina.startup.VersionLoggerListener.log 命令行参数：       -Dorg.apache.catalina.security.SecurityListener.UMASK=0027
18-Dec-2024 13:58:49.879 信息 [main] org.apache.catalina.startup.VersionLoggerListener.log 命令行参数：       --add-opens=java.base/java.lang=ALL-UNNAMED
18-Dec-2024 13:58:49.879 信息 [main] org.apache.catalina.startup.VersionLoggerListener.log 命令行参数：       --add-opens=java.base/java.io=ALL-UNNAMED
18-Dec-2024 13:58:49.879 信息 [main] org.apache.catalina.startup.VersionLoggerListener.log 命令行参数：       --add-opens=java.base/java.util=ALL-UNNAMED
18-Dec-2024 13:58:49.880 信息 [main] org.apache.catalina.startup.VersionLoggerListener.log 命令行参数：       --add-opens=java.base/java.util.concurrent=ALL-UNNAMED
18-Dec-2024 13:58:49.880 信息 [main] org.apache.catalina.startup.VersionLoggerListener.log 命令行参数：       --add-opens=java.rmi/sun.rmi.transport=ALL-UNNAMED
18-Dec-2024 13:58:49.880 信息 [main] org.apache.catalina.startup.VersionLoggerListener.log 命令行参数：       -Dcatalina.base=D:/Note/Java/JavaWeb/apache-tomcat-10.1.34-windows-x64/apache-tomcat-10.1.34
18-Dec-2024 13:58:49.880 信息 [main] org.apache.catalina.startup.VersionLoggerListener.log 命令行参数：       -Dcatalina.home=D:/Note/Java/JavaWeb/apache-tomcat-10.1.34-windows-x64/apache-tomcat-10.1.34
18-Dec-2024 13:58:49.880 信息 [main] org.apache.catalina.startup.VersionLoggerListener.log 命令行参数：       -Djava.io.tmpdir=D:/Note/Java/JavaWeb/apache-tomcat-10.1.34-windows-x64/apache-tomcat-10.1.34/temp
18-Dec-2024 13:58:49.882 信息 [main] org.apache.catalina.core.AprLifecycleListener.lifecycleEvent 使用APR版本[1.7.4]加载了基于APR的Apache Tomcat本机库[2.0.8]。
18-Dec-2024 13:58:49.885 信息 [main] org.apache.catalina.core.AprLifecycleListener.initializeSSL OpenSSL成功初始化 [OpenSSL 3.0.14 4 Jun 2024]
18-Dec-2024 13:58:50.077 信息 [main] org.apache.coyote.AbstractProtocol.init 初始化协议处理器 ["http-nio-8080"]
18-Dec-2024 13:58:50.091 信息 [main] org.apache.catalina.startup.Catalina.load 服务器在[377]毫秒内初始化
18-Dec-2024 13:58:50.135 信息 [main] org.apache.catalina.core.StandardService.startInternal 正在启动服务[Catalina]
18-Dec-2024 13:58:50.135 信息 [main] org.apache.catalina.core.StandardEngine.startInternal 正在启动 Servlet 引擎：[Apache Tomcat/10.1.34]
18-Dec-2024 13:58:50.145 信息 [main] org.apache.catalina.startup.HostConfig.deployDirectory 把web 应用程序部署到目录 [D:\Note\Java\JavaWeb\apache-tomcat-10.1.34-windows-x64\apache-tomcat-10.1.34\webapps\docs]
18-Dec-2024 13:58:50.405 信息 [main] org.apache.catalina.startup.HostConfig.deployDirectory Web应用程序目录[D:\Note\Java\JavaWeb\apache-tomcat-10.1.34-windows-x64\apache-tomcat-10.1.34\webapps\docs]的部署已在[258]毫秒内完成
18-Dec-2024 13:58:50.406 信息 [main] org.apache.catalina.startup.HostConfig.deployDirectory 把web 应用程序部署到目录 [D:\Note\Java\JavaWeb\apache-tomcat-10.1.34-windows-x64\apache-tomcat-10.1.34\webapps\examples]
18-Dec-2024 13:58:50.603 信息 [main] org.apache.catalina.startup.HostConfig.deployDirectory Web应用程序目录[D:\Note\Java\JavaWeb\apache-tomcat-10.1.34-windows-x64\apache-tomcat-10.1.34\webapps\examples]的部署已在[197]毫秒内完成
18-Dec-2024 13:58:50.603 信息 [main] org.apache.catalina.startup.HostConfig.deployDirectory 把web 应用程序部署到目录 [D:\Note\Java\JavaWeb\apache-tomcat-10.1.34-windows-x64\apache-tomcat-10.1.34\webapps\host-manager]
18-Dec-2024 13:58:50.628 信息 [main] org.apache.catalina.startup.HostConfig.deployDirectory Web应用程序目录[D:\Note\Java\JavaWeb\apache-tomcat-10.1.34-windows-x64\apache-tomcat-10.1.34\webapps\host-manager]的部署已在[25]毫秒内完成
18-Dec-2024 13:58:50.628 信息 [main] org.apache.catalina.startup.HostConfig.deployDirectory 把web 应用程序部署到目录 [D:\Note\Java\JavaWeb\apache-tomcat-10.1.34-windows-x64\apache-tomcat-10.1.34\webapps\manager]
18-Dec-2024 13:58:50.647 信息 [main] org.apache.catalina.startup.HostConfig.deployDirectory Web应用程序目录[D:\Note\Java\JavaWeb\apache-tomcat-10.1.34-windows-x64\apache-tomcat-10.1.34\webapps\manager]的部署已在[19]毫秒内完成
18-Dec-2024 13:58:50.648 信息 [main] org.apache.catalina.startup.HostConfig.deployDirectory 把web 应用程序部署到目录 [D:\Note\Java\JavaWeb\apache-tomcat-10.1.34-windows-x64\apache-tomcat-10.1.34\webapps\ROOT]
18-Dec-2024 13:58:50.661 信息 [main] org.apache.catalina.startup.HostConfig.deployDirectory Web应用程序目录[D:\Note\Java\JavaWeb\apache-tomcat-10.1.34-windows-x64\apache-tomcat-10.1.34\webapps\ROOT]的部署已在[14]毫秒内完成
18-Dec-2024 13:58:50.665 信息 [main] org.apache.coyote.AbstractProtocol.start 开始协议处理句柄["http-nio-8080"]
18-Dec-2024 13:58:50.704 信息 [main] org.apache.catalina.startup.Catalina.start [611]毫秒后服务器启动
19-Dec-2024 22:42:06.423 警告 [main] org.apache.catalina.core.StandardServer.await 收到无效的关闭命令[]
19-Dec-2024 22:42:34.598 警告 [main] org.apache.catalina.core.StandardServer.await 收到无效的关闭命令[]
19-Dec-2024 22:42:50.394 信息 [main] org.apache.catalina.core.StandardServer.await 通过关闭端口接收到有效的关闭命令。正在停止服务器实例。
19-Dec-2024 22:42:50.394 信息 [main] org.apache.coyote.AbstractProtocol.pause 暂停ProtocolHandler["http-nio-8080"]
19-Dec-2024 22:42:50.834 信息 [main] org.apache.catalina.core.StandardService.stopInternal 正在停止服务[Catalina]
19-Dec-2024 22:42:50.852 信息 [main] org.apache.coyote.AbstractProtocol.stop 正在停止ProtocolHandler ["http-nio-8080"]
19-Dec-2024 22:42:50.870 信息 [main] org.apache.coyote.AbstractProtocol.destroy 正在销毁协议处理器 ["http-nio-8080"]
