19-Dec-2024 21:49:20.922 信息 [main] org.apache.catalina.startup.VersionLoggerListener.log Server.服务器版本: Apache Tomcat/10.1.34
19-Dec-2024 21:49:20.927 信息 [main] org.apache.catalina.startup.VersionLoggerListener.log 服务器构建:        Dec 5 2024 16:01:16 UTC
19-Dec-2024 21:49:20.927 信息 [main] org.apache.catalina.startup.VersionLoggerListener.log 服务器版本号:      10.1.34.0
19-Dec-2024 21:49:20.927 信息 [main] org.apache.catalina.startup.VersionLoggerListener.log 操作系统名称:      Windows 11
19-Dec-2024 21:49:20.928 信息 [main] org.apache.catalina.startup.VersionLoggerListener.log OS.版本:           10.0
19-Dec-2024 21:49:20.928 信息 [main] org.apache.catalina.startup.VersionLoggerListener.log 架构:              amd64
19-Dec-2024 21:49:20.928 信息 [main] org.apache.catalina.startup.VersionLoggerListener.log Java 环境变量:     C:\Program Files\Java\jdk-17
19-Dec-2024 21:49:20.928 信息 [main] org.apache.catalina.startup.VersionLoggerListener.log Java虚拟机版本:    17.0.12+8-LTS-286
19-Dec-2024 21:49:20.928 信息 [main] org.apache.catalina.startup.VersionLoggerListener.log JVM.供应商:        Oracle Corporation
19-Dec-2024 21:49:20.928 信息 [main] org.apache.catalina.startup.VersionLoggerListener.log CATALINA_BASE:     D:\Note\Java\JavaWeb\apache-tomcat-10.1.34-windows-x64\apache-tomcat-10.1.34
19-Dec-2024 21:49:20.929 信息 [main] org.apache.catalina.startup.VersionLoggerListener.log CATALINA_HOME:     D:\Note\Java\JavaWeb\apache-tomcat-10.1.34-windows-x64\apache-tomcat-10.1.34
19-Dec-2024 21:49:20.939 信息 [main] org.apache.catalina.startup.VersionLoggerListener.log 命令行参数：       -Djava.util.logging.config.file=D:\Note\Java\JavaWeb\apache-tomcat-10.1.34-windows-x64\apache-tomcat-10.1.34\conf\logging.properties
19-Dec-2024 21:49:20.939 信息 [main] org.apache.catalina.startup.VersionLoggerListener.log 命令行参数：       -Djava.util.logging.manager=org.apache.juli.ClassLoaderLogManager
19-Dec-2024 21:49:20.939 信息 [main] org.apache.catalina.startup.VersionLoggerListener.log 命令行参数：       -Djdk.tls.ephemeralDHKeySize=2048
19-Dec-2024 21:49:20.940 信息 [main] org.apache.catalina.startup.VersionLoggerListener.log 命令行参数：       -Djava.protocol.handler.pkgs=org.apache.catalina.webresources
19-Dec-2024 21:49:20.940 信息 [main] org.apache.catalina.startup.VersionLoggerListener.log 命令行参数：       --add-opens=java.base/java.lang=ALL-UNNAMED
19-Dec-2024 21:49:20.940 信息 [main] org.apache.catalina.startup.VersionLoggerListener.log 命令行参数：       --add-opens=java.base/java.io=ALL-UNNAMED
19-Dec-2024 21:49:20.940 信息 [main] org.apache.catalina.startup.VersionLoggerListener.log 命令行参数：       --add-opens=java.base/java.util=ALL-UNNAMED
19-Dec-2024 21:49:20.941 信息 [main] org.apache.catalina.startup.VersionLoggerListener.log 命令行参数：       --add-opens=java.base/java.util.concurrent=ALL-UNNAMED
19-Dec-2024 21:49:20.941 信息 [main] org.apache.catalina.startup.VersionLoggerListener.log 命令行参数：       --add-opens=java.rmi/sun.rmi.transport=ALL-UNNAMED
19-Dec-2024 21:49:20.941 信息 [main] org.apache.catalina.startup.VersionLoggerListener.log 命令行参数：       -Dcatalina.base=D:\Note\Java\JavaWeb\apache-tomcat-10.1.34-windows-x64\apache-tomcat-10.1.34
19-Dec-2024 21:49:20.941 信息 [main] org.apache.catalina.startup.VersionLoggerListener.log 命令行参数：       -Dcatalina.home=D:\Note\Java\JavaWeb\apache-tomcat-10.1.34-windows-x64\apache-tomcat-10.1.34
19-Dec-2024 21:49:20.942 信息 [main] org.apache.catalina.startup.VersionLoggerListener.log 命令行参数：       -Djava.io.tmpdir=D:\Note\Java\JavaWeb\apache-tomcat-10.1.34-windows-x64\apache-tomcat-10.1.34\temp
19-Dec-2024 21:49:21.005 信息 [main] org.apache.catalina.core.AprLifecycleListener.lifecycleEvent 使用APR版本[1.7.4]加载了基于APR的Apache Tomcat本机库[2.0.8]。
19-Dec-2024 21:49:21.009 信息 [main] org.apache.catalina.core.AprLifecycleListener.initializeSSL OpenSSL成功初始化 [OpenSSL 3.0.14 4 Jun 2024]
19-Dec-2024 21:49:21.185 信息 [main] org.apache.coyote.AbstractProtocol.init 初始化协议处理器 ["http-nio-8080"]
19-Dec-2024 21:49:21.196 严重 [main] org.apache.catalina.util.LifecycleBase.handleSubClassException 初始化组件[Connector["http-nio-8080"]]失败。
	org.apache.catalina.LifecycleException: 协议处理程序初始化失败
		at org.apache.catalina.connector.Connector.initInternal(Connector.java:1030)
		at org.apache.catalina.util.LifecycleBase.init(LifecycleBase.java:122)
		at org.apache.catalina.core.StandardService.initInternal(StandardService.java:525)
		at org.apache.catalina.util.LifecycleBase.init(LifecycleBase.java:122)
		at org.apache.catalina.core.StandardServer.initInternal(StandardServer.java:957)
		at org.apache.catalina.util.LifecycleBase.init(LifecycleBase.java:122)
		at org.apache.catalina.startup.Catalina.load(Catalina.java:712)
		at org.apache.catalina.startup.Catalina.load(Catalina.java:735)
		at java.base/jdk.internal.reflect.NativeMethodAccessorImpl.invoke0(Native Method)
		at java.base/jdk.internal.reflect.NativeMethodAccessorImpl.invoke(NativeMethodAccessorImpl.java:77)
		at java.base/jdk.internal.reflect.DelegatingMethodAccessorImpl.invoke(DelegatingMethodAccessorImpl.java:43)
		at java.base/java.lang.reflect.Method.invoke(Method.java:568)
		at org.apache.catalina.startup.Bootstrap.load(Bootstrap.java:302)
		at org.apache.catalina.startup.Bootstrap.main(Bootstrap.java:472)
	Caused by: java.net.BindException: Address already in use: bind
		at java.base/sun.nio.ch.Net.bind0(Native Method)
		at java.base/sun.nio.ch.Net.bind(Net.java:555)
		at java.base/sun.nio.ch.ServerSocketChannelImpl.netBind(ServerSocketChannelImpl.java:337)
		at java.base/sun.nio.ch.ServerSocketChannelImpl.bind(ServerSocketChannelImpl.java:294)
		at org.apache.tomcat.util.net.NioEndpoint.initServerSocket(NioEndpoint.java:239)
		at org.apache.tomcat.util.net.NioEndpoint.bind(NioEndpoint.java:194)
		at org.apache.tomcat.util.net.AbstractEndpoint.bindWithCleanup(AbstractEndpoint.java:1304)
		at org.apache.tomcat.util.net.AbstractEndpoint.init(AbstractEndpoint.java:1317)
		at org.apache.coyote.AbstractProtocol.init(AbstractProtocol.java:633)
		at org.apache.coyote.http11.AbstractHttp11Protocol.init(AbstractHttp11Protocol.java:82)
		at org.apache.catalina.connector.Connector.initInternal(Connector.java:1028)
		... 13 more
19-Dec-2024 21:49:21.197 信息 [main] org.apache.catalina.startup.Catalina.load 服务器在[430]毫秒内初始化
19-Dec-2024 21:49:21.228 信息 [main] org.apache.catalina.core.StandardService.startInternal 正在启动服务[Catalina]
19-Dec-2024 21:49:21.229 信息 [main] org.apache.catalina.core.StandardEngine.startInternal 正在启动 Servlet 引擎：[Apache Tomcat/10.1.34]
19-Dec-2024 21:49:21.239 信息 [main] org.apache.catalina.startup.HostConfig.deployDirectory 把web 应用程序部署到目录 [D:\Note\Java\JavaWeb\apache-tomcat-10.1.34-windows-x64\apache-tomcat-10.1.34\webapps\docs]
19-Dec-2024 21:49:21.489 信息 [main] org.apache.catalina.startup.HostConfig.deployDirectory Web应用程序目录[D:\Note\Java\JavaWeb\apache-tomcat-10.1.34-windows-x64\apache-tomcat-10.1.34\webapps\docs]的部署已在[249]毫秒内完成
19-Dec-2024 21:49:21.489 信息 [main] org.apache.catalina.startup.HostConfig.deployDirectory 把web 应用程序部署到目录 [D:\Note\Java\JavaWeb\apache-tomcat-10.1.34-windows-x64\apache-tomcat-10.1.34\webapps\examples]
19-Dec-2024 21:49:21.919 信息 [main] org.apache.catalina.startup.HostConfig.deployDirectory Web应用程序目录[D:\Note\Java\JavaWeb\apache-tomcat-10.1.34-windows-x64\apache-tomcat-10.1.34\webapps\examples]的部署已在[430]毫秒内完成
19-Dec-2024 21:49:21.920 信息 [main] org.apache.catalina.startup.HostConfig.deployDirectory 把web 应用程序部署到目录 [D:\Note\Java\JavaWeb\apache-tomcat-10.1.34-windows-x64\apache-tomcat-10.1.34\webapps\host-manager]
19-Dec-2024 21:49:21.946 信息 [main] org.apache.catalina.startup.HostConfig.deployDirectory Web应用程序目录[D:\Note\Java\JavaWeb\apache-tomcat-10.1.34-windows-x64\apache-tomcat-10.1.34\webapps\host-manager]的部署已在[26]毫秒内完成
19-Dec-2024 21:49:21.947 信息 [main] org.apache.catalina.startup.HostConfig.deployDirectory 把web 应用程序部署到目录 [D:\Note\Java\JavaWeb\apache-tomcat-10.1.34-windows-x64\apache-tomcat-10.1.34\webapps\manager]
19-Dec-2024 21:49:21.972 信息 [main] org.apache.catalina.startup.HostConfig.deployDirectory Web应用程序目录[D:\Note\Java\JavaWeb\apache-tomcat-10.1.34-windows-x64\apache-tomcat-10.1.34\webapps\manager]的部署已在[26]毫秒内完成
19-Dec-2024 21:49:21.973 信息 [main] org.apache.catalina.startup.HostConfig.deployDirectory 把web 应用程序部署到目录 [D:\Note\Java\JavaWeb\apache-tomcat-10.1.34-windows-x64\apache-tomcat-10.1.34\webapps\ROOT]
19-Dec-2024 21:49:21.992 信息 [main] org.apache.catalina.startup.HostConfig.deployDirectory Web应用程序目录[D:\Note\Java\JavaWeb\apache-tomcat-10.1.34-windows-x64\apache-tomcat-10.1.34\webapps\ROOT]的部署已在[19]毫秒内完成
19-Dec-2024 21:49:21.999 信息 [main] org.apache.catalina.startup.Catalina.start [801]毫秒后服务器启动
19-Dec-2024 21:49:22.004 严重 [main] org.apache.catalina.core.StandardServer.await 无法在地址[localhost]和端口[8005]上创建服务器关闭套接字（基本端口[8005]和偏移量[0]）
	java.net.BindException: Address already in use: bind
		at java.base/sun.nio.ch.Net.bind0(Native Method)
		at java.base/sun.nio.ch.Net.bind(Net.java:555)
		at java.base/sun.nio.ch.Net.bind(Net.java:544)
		at java.base/sun.nio.ch.NioSocketImpl.bind(NioSocketImpl.java:648)
		at java.base/java.net.ServerSocket.bind(ServerSocket.java:388)
		at java.base/java.net.ServerSocket.<init>(ServerSocket.java:274)
		at org.apache.catalina.core.StandardServer.await(StandardServer.java:533)
		at org.apache.catalina.startup.Catalina.await(Catalina.java:851)
		at org.apache.catalina.startup.Catalina.start(Catalina.java:799)
		at java.base/jdk.internal.reflect.NativeMethodAccessorImpl.invoke0(Native Method)
		at java.base/jdk.internal.reflect.NativeMethodAccessorImpl.invoke(NativeMethodAccessorImpl.java:77)
		at java.base/jdk.internal.reflect.DelegatingMethodAccessorImpl.invoke(DelegatingMethodAccessorImpl.java:43)
		at java.base/java.lang.reflect.Method.invoke(Method.java:568)
		at org.apache.catalina.startup.Bootstrap.start(Bootstrap.java:345)
		at org.apache.catalina.startup.Bootstrap.main(Bootstrap.java:473)
19-Dec-2024 21:49:22.005 信息 [main] org.apache.coyote.AbstractProtocol.pause 暂停ProtocolHandler["http-nio-8080"]
19-Dec-2024 21:49:22.005 信息 [main] org.apache.catalina.core.StandardService.stopInternal 正在停止服务[Catalina]
19-Dec-2024 21:49:22.020 信息 [main] org.apache.coyote.AbstractProtocol.stop 正在停止ProtocolHandler ["http-nio-8080"]
19-Dec-2024 21:49:22.021 信息 [main] org.apache.coyote.AbstractProtocol.destroy 正在销毁协议处理器 ["http-nio-8080"]
19-Dec-2024 22:42:06.423 警告 [main] org.apache.catalina.core.StandardServer.await 收到无效的关闭命令[]
19-Dec-2024 22:42:34.598 警告 [main] org.apache.catalina.core.StandardServer.await 收到无效的关闭命令[]
19-Dec-2024 22:42:50.394 信息 [main] org.apache.catalina.core.StandardServer.await 通过关闭端口接收到有效的关闭命令。正在停止服务器实例。
19-Dec-2024 22:42:50.394 信息 [main] org.apache.coyote.AbstractProtocol.pause 暂停ProtocolHandler["http-nio-8080"]
19-Dec-2024 22:42:50.834 信息 [main] org.apache.catalina.core.StandardService.stopInternal 正在停止服务[Catalina]
19-Dec-2024 22:42:50.852 信息 [main] org.apache.coyote.AbstractProtocol.stop 正在停止ProtocolHandler ["http-nio-8080"]
19-Dec-2024 22:42:50.870 信息 [main] org.apache.coyote.AbstractProtocol.destroy 正在销毁协议处理器 ["http-nio-8080"]
