18-Dec-2024 13:49:42.770 信息 [main] org.apache.catalina.core.ApplicationContext.log ContextListener: contextInitialized()
18-Dec-2024 13:49:42.770 信息 [main] org.apache.catalina.core.ApplicationContext.log SessionListener: contextInitialized()
18-Dec-2024 13:49:42.771 信息 [main] org.apache.catalina.core.ApplicationContext.log ContextListener: attributeAdded('StockTicker', 'async.Stockticker@3d8bbcdc')
18-Dec-2024 13:51:25.436 信息 [main] org.apache.catalina.core.ApplicationContext.log ContextListener: contextInitialized()
18-Dec-2024 13:51:25.436 信息 [main] org.apache.catalina.core.ApplicationContext.log SessionListener: contextInitialized()
18-Dec-2024 13:51:25.438 信息 [main] org.apache.catalina.core.ApplicationContext.log ContextListener: attributeAdded('StockTicker', 'async.Stockticker@18a3962d')
18-Dec-2024 13:57:50.310 信息 [main] org.apache.catalina.core.ApplicationContext.log ContextListener: contextInitialized()
18-Dec-2024 13:57:50.310 信息 [main] org.apache.catalina.core.ApplicationContext.log SessionListener: contextInitialized()
18-Dec-2024 13:57:50.312 信息 [main] org.apache.catalina.core.ApplicationContext.log ContextListener: attributeAdded('StockTicker', 'async.Stockticker@117e0fe5')
18-Dec-2024 13:58:50.594 信息 [main] org.apache.catalina.core.ApplicationContext.log ContextListener: contextInitialized()
18-Dec-2024 13:58:50.594 信息 [main] org.apache.catalina.core.ApplicationContext.log SessionListener: contextInitialized()
18-Dec-2024 13:58:50.596 信息 [main] org.apache.catalina.core.ApplicationContext.log ContextListener: attributeAdded('StockTicker', 'async.Stockticker@6273c5a4')
18-Dec-2024 13:58:53.023 信息 [main] org.apache.catalina.core.ApplicationContext.log ContextListener: contextInitialized()
18-Dec-2024 13:58:53.023 信息 [main] org.apache.catalina.core.ApplicationContext.log SessionListener: contextInitialized()
18-Dec-2024 13:58:53.025 信息 [main] org.apache.catalina.core.ApplicationContext.log ContextListener: attributeAdded('StockTicker', 'async.Stockticker@6256ac4f')
18-Dec-2024 13:58:53.106 信息 [main] org.apache.catalina.core.ApplicationContext.log SessionListener: contextDestroyed()
18-Dec-2024 13:58:53.106 信息 [main] org.apache.catalina.core.ApplicationContext.log ContextListener: contextDestroyed()
18-Dec-2024 13:58:57.676 信息 [main] org.apache.catalina.core.ApplicationContext.log ContextListener: contextInitialized()
18-Dec-2024 13:58:57.676 信息 [main] org.apache.catalina.core.ApplicationContext.log SessionListener: contextInitialized()
18-Dec-2024 13:58:57.677 信息 [main] org.apache.catalina.core.ApplicationContext.log ContextListener: attributeAdded('StockTicker', 'async.Stockticker@235f4c10')
18-Dec-2024 13:58:57.760 信息 [main] org.apache.catalina.core.ApplicationContext.log SessionListener: contextDestroyed()
18-Dec-2024 13:58:57.760 信息 [main] org.apache.catalina.core.ApplicationContext.log ContextListener: contextDestroyed()
18-Dec-2024 13:59:23.067 信息 [main] org.apache.catalina.core.ApplicationContext.log ContextListener: contextInitialized()
18-Dec-2024 13:59:23.067 信息 [main] org.apache.catalina.core.ApplicationContext.log SessionListener: contextInitialized()
18-Dec-2024 13:59:23.068 信息 [main] org.apache.catalina.core.ApplicationContext.log ContextListener: attributeAdded('StockTicker', 'async.Stockticker@44c79f32')
18-Dec-2024 13:59:23.156 信息 [main] org.apache.catalina.core.ApplicationContext.log SessionListener: contextDestroyed()
18-Dec-2024 13:59:23.156 信息 [main] org.apache.catalina.core.ApplicationContext.log ContextListener: contextDestroyed()
18-Dec-2024 13:59:24.436 信息 [main] org.apache.catalina.core.ApplicationContext.log ContextListener: contextInitialized()
18-Dec-2024 13:59:24.436 信息 [main] org.apache.catalina.core.ApplicationContext.log SessionListener: contextInitialized()
18-Dec-2024 13:59:24.438 信息 [main] org.apache.catalina.core.ApplicationContext.log ContextListener: attributeAdded('StockTicker', 'async.Stockticker@2c1b9e4b')
18-Dec-2024 13:59:24.522 信息 [main] org.apache.catalina.core.ApplicationContext.log SessionListener: contextDestroyed()
18-Dec-2024 13:59:24.522 信息 [main] org.apache.catalina.core.ApplicationContext.log ContextListener: contextDestroyed()
